{
  "stats": {
    "suites": 1,
    "tests": 6,
    "passes": 6,
    "pending": 0,
    "failures": 0,
    "start": "2023-08-16T09:21:29.440Z",
    "end": "2023-08-16T09:21:31.144Z",
    "duration": 1704,
    "testsRegistered": 6,
    "passPercent": 100,
    "pendingPercent": 0,
    "other": 0,
    "hasOther": false,
    "skipped": 0,
    "hasSkipped": false
  },
  "results": [
    {
      "uuid": "13a17f66-6ef5-4380-8d05-b3fa2c780e51",
      "title": "",
      "fullFile": "cypress\\e2e\\home.cy.ts",
      "file": "cypress\\e2e\\home.cy.ts",
      "beforeHooks": [],
      "afterHooks": [],
      "tests": [],
      "suites": [
        {
          "uuid": "d40e20eb-d3e1-4c17-a025-f6e1a42b0d5d",
          "title": "Ponyracer",
          "fullFile": "",
          "file": "",
          "beforeHooks": [],
          "afterHooks": [],
          "tests": [
            {
              "title": "should display title on home page",
              "fullTitle": "Ponyracer should display title on home page",
              "timedOut": null,
              "duration": 237,
              "state": "passed",
              "speed": "fast",
              "pass": true,
              "fail": false,
              "pending": false,
              "context": null,
              "code": "cy.visit('/');\ncy.contains('h1', 'Ponyracer');\ncy.contains('small', 'Always a pleasure to bet on ponies');\ncy.get('.btn-primary').contains('Login').should('have.attr', 'href', '/login');\ncy.get('.btn-primary').contains('Register').should('have.attr', 'href', '/register');",
              "err": {},
              "uuid": "8204c2b4-d9b3-44a1-99bb-8dd4dcbbac33",
              "parentUUID": "d40e20eb-d3e1-4c17-a025-f6e1a42b0d5d",
              "isHook": false,
              "skipped": false
            },
            {
              "title": "should display a navbar",
              "fullTitle": "Ponyracer should display a navbar",
              "timedOut": null,
              "duration": 115,
              "state": "passed",
              "speed": "fast",
              "pass": true,
              "fail": false,
              "pending": false,
              "context": null,
              "code": "cy.visit('/');\ncy.get(navbarBrand).contains('PonyRacer').should('have.attr', 'href', '/');\ncy.get(navbarLink).should('not.exist');",
              "err": {},
              "uuid": "8697da41-66e2-4cda-8812-05d1a8f5be68",
              "parentUUID": "d40e20eb-d3e1-4c17-a025-f6e1a42b0d5d",
              "isHook": false,
              "skipped": false
            },
            {
              "title": "should display a navbar collapsed on small screen",
              "fullTitle": "Ponyracer should display a navbar collapsed on small screen",
              "timedOut": null,
              "duration": 201,
              "state": "passed",
              "speed": "fast",
              "pass": true,
              "fail": false,
              "pending": false,
              "context": null,
              "code": "storeUserInLocalStorage();\ncy.viewport('iphone-6+');\ncy.visit('/');\ncy.contains(navbarBrand, 'PonyRacer');\ncy.get(navbarLink).should('not.be.visible');\n// toggle the navbar\ncy.get('.navbar-toggler').click();\ncy.get(navbarLink).should('be.visible');",
              "err": {},
              "uuid": "296a6f6c-56d7-4789-a468-6142aa254642",
              "parentUUID": "d40e20eb-d3e1-4c17-a025-f6e1a42b0d5d",
              "isHook": false,
              "skipped": false
            },
            {
              "title": "should display the logged in user in navbar and a different home",
              "fullTitle": "Ponyracer should display the logged in user in navbar and a different home",
              "timedOut": null,
              "duration": 132,
              "state": "passed",
              "speed": "fast",
              "pass": true,
              "fail": false,
              "pending": false,
              "context": null,
              "code": "storeUserInLocalStorage();\ncy.visit('/');\ncy.get(navbarLink).contains('Races').should('have.attr', 'href', '/races');\ncy.get('#current-user').should('contain', 'cedric').and('contain', '1,000');\ncy.get('.btn-primary').contains('Races').should('have.attr', 'href', '/races');",
              "err": {},
              "uuid": "2ab10936-438c-4e9a-aabd-a5419c9b53b9",
              "parentUUID": "d40e20eb-d3e1-4c17-a025-f6e1a42b0d5d",
              "isHook": false,
              "skipped": false
            },
            {
              "title": "should log out the user",
              "fullTitle": "Ponyracer should log out the user",
              "timedOut": null,
              "duration": 274,
              "state": "passed",
              "speed": "fast",
              "pass": true,
              "fail": false,
              "pending": false,
              "context": null,
              "code": "storeUserInLocalStorage();\ncy.visit('/races');\ncy.wait('@getRaces');\n// user stored should be displayed\ncy.get('#current-user').should('contain', 'cedric').and('contain', '1,000');\n// logout\ncy.get('span.fa.fa-power-off').click();\n// should be redirected to home page\ncy.location('pathname')\n    .should('eq', '/')\n    // and localStorage should be clean\n    .and(function () { return expect(localStorage.getItem('rememberMe')).to.eq(null); });\ncy.get(navbarLink).should('not.exist');\n// user is not displayed in navbar\ncy.get('#current-user').should('not.exist');\n// and home page offers the login link\ncy.get('.btn-primary').contains('Login').should('have.attr', 'href', '/login');",
              "err": {},
              "uuid": "dadc2d01-86a5-4cfe-b800-c1faa2af2c88",
              "parentUUID": "d40e20eb-d3e1-4c17-a025-f6e1a42b0d5d",
              "isHook": false,
              "skipped": false
            },
            {
              "title": "should animate the transition when the user logs out",
              "fullTitle": "Ponyracer should animate the transition when the user logs out",
              "timedOut": null,
              "duration": 684,
              "state": "passed",
              "speed": "fast",
              "pass": true,
              "fail": false,
              "pending": false,
              "context": null,
              "code": "storeUserInLocalStorage();\ncy.visit('/');\n// user stored should be displayed\ncy.get('#current-user').should('contain', 'cedric').and('contain', '1,000');\n// logout\ncy.get('span.fa.fa-power-off').click();\n// beginning of the transition\ncy.contains('Races').parent().should('have.class', 'fade-leave-active');\n// end of the transition\ncy.contains('Login').parent().should('have.class', 'fade-enter-active');\n// should still be on the home page\ncy.location('pathname')\n    .should('eq', '/')\n    // and localStorage should be clean\n    .and(function () { return expect(localStorage.getItem('rememberMe')).to.eq(null); });\ncy.get(navbarLink).should('not.exist');\n// user is not displayed in navbar\ncy.get('#current-user').should('not.exist');",
              "err": {},
              "uuid": "8d2ed10e-d2c5-42a7-956f-7a2317f9f0fe",
              "parentUUID": "d40e20eb-d3e1-4c17-a025-f6e1a42b0d5d",
              "isHook": false,
              "skipped": false
            }
          ],
          "suites": [],
          "passes": [
            "8204c2b4-d9b3-44a1-99bb-8dd4dcbbac33",
            "8697da41-66e2-4cda-8812-05d1a8f5be68",
            "296a6f6c-56d7-4789-a468-6142aa254642",
            "2ab10936-438c-4e9a-aabd-a5419c9b53b9",
            "dadc2d01-86a5-4cfe-b800-c1faa2af2c88",
            "8d2ed10e-d2c5-42a7-956f-7a2317f9f0fe"
          ],
          "failures": [],
          "pending": [],
          "skipped": [],
          "duration": 1643,
          "root": false,
          "rootEmpty": false,
          "_timeout": 2000
        }
      ],
      "passes": [],
      "failures": [],
      "pending": [],
      "skipped": [],
      "duration": 0,
      "root": true,
      "rootEmpty": true,
      "_timeout": 2000
    }
  ],
  "meta": {
    "mocha": {
      "version": "7.0.1"
    },
    "mochawesome": {
      "options": {
        "quiet": false,
        "reportFilename": "mochawesome",
        "saveHtml": false,
        "saveJson": true,
        "consoleReporter": "spec",
        "useInlineDiffs": false,
        "code": true
      },
      "version": "7.1.3"
    },
    "marge": {
      "options": {
        "reportDir": "results/mochawesome",
        "overwrite": false,
        "html": false,
        "json": true
      },
      "version": "6.2.0"
    }
  }
}