{
  "stats": {
    "suites": 1,
    "tests": 3,
    "passes": 0,
    "pending": 0,
    "failures": 3,
    "start": "2023-08-15T05:49:51.727Z",
    "end": "2023-08-15T05:50:54.974Z",
    "duration": 63247,
    "testsRegistered": 3,
    "passPercent": 0,
    "pendingPercent": 0,
    "other": 0,
    "hasOther": false,
    "skipped": 0,
    "hasSkipped": false
  },
  "results": [
    {
      "uuid": "fc60835d-243b-4f89-bca8-c3f53eac4336",
      "title": "",
      "fullFile": "cypress\\e2e\\races.cy.ts",
      "file": "cypress\\e2e\\races.cy.ts",
      "beforeHooks": [],
      "afterHooks": [],
      "tests": [],
      "suites": [
        {
          "uuid": "503eb45b-4f2a-451e-8b7d-880c26011306",
          "title": "Races",
          "fullFile": "",
          "file": "",
          "beforeHooks": [],
          "afterHooks": [],
          "tests": [
            {
              "title": "should display a race list",
              "fullTitle": "Races should display a race list",
              "timedOut": null,
              "duration": 5261,
              "state": "failed",
              "speed": null,
              "pass": false,
              "fail": true,
              "pending": false,
              "context": null,
              "code": "cy.visit('/races');\n// loading\ncy.contains('div', 'Loading...');\ncy.wait('@getRaces');\ncy.get('h2').should('have.length', 2);\ncy.get('p').should('have.length', 2).and('contain', 'ago');\ncy.get('div.alert').should('not.exist');",
              "err": {
                "message": "CypressError: Timed out retrying after 5000ms: `cy.wait()` timed out waiting `5000ms` for the 1st request to the route: `getRaces`. No request ever occurred.\n\nhttps://on.cypress.io/wait",
                "estack": "CypressError: Timed out retrying after 5000ms: `cy.wait()` timed out waiting `5000ms` for the 1st request to the route: `getRaces`. No request ever occurred.\n\nhttps://on.cypress.io/wait\n    at cypressErr (http://localhost:4173/__cypress/runner/cypress_runner.js:164252:18)\n    at Object.errByPath (http://localhost:4173/__cypress/runner/cypress_runner.js:164307:10)\n    at checkForXhr (http://localhost:4173/__cypress/runner/cypress_runner.js:151203:92)\n    at <unknown> (http://localhost:4173/__cypress/runner/cypress_runner.js:151226:28)\n    at tryCatcher (http://localhost:4173/__cypress/runner/cypress_runner.js:18744:23)\n    at Promise.attempt.Promise.try (http://localhost:4173/__cypress/runner/cypress_runner.js:16018:29)\n    at whenStable (http://localhost:4173/__cypress/runner/cypress_runner.js:156168:65)\n    at <unknown> (http://localhost:4173/__cypress/runner/cypress_runner.js:155609:14)\n    at tryCatcher (http://localhost:4173/__cypress/runner/cypress_runner.js:18744:23)\n    at Promise._settlePromiseFromHandler (http://localhost:4173/__cypress/runner/cypress_runner.js:16679:31)\n    at Promise._settlePromise (http://localhost:4173/__cypress/runner/cypress_runner.js:16736:18)\n    at Promise._settlePromise0 (http://localhost:4173/__cypress/runner/cypress_runner.js:16781:10)\n    at Promise._settlePromises (http://localhost:4173/__cypress/runner/cypress_runner.js:16861:18)\n    at Promise._fulfill (http://localhost:4173/__cypress/runner/cypress_runner.js:16805:18)\n    at <unknown> (http://localhost:4173/__cypress/runner/cypress_runner.js:18419:46)\nFrom Your Spec Code:\n    at Context.eval (webpack:///./cypress/e2e/races.cy.ts:37:0)",
                "diff": null
              },
              "uuid": "cb922cd3-a1ef-4ffa-8739-51c017ed9217",
              "parentUUID": "503eb45b-4f2a-451e-8b7d-880c26011306",
              "isHook": false,
              "skipped": false
            },
            {
              "title": "should display a loading error",
              "fullTitle": "Races should display a loading error",
              "timedOut": null,
              "duration": 5277,
              "state": "failed",
              "speed": null,
              "pass": false,
              "fail": true,
              "pending": false,
              "context": null,
              "code": "// override the response to have an error\ncy.intercept('GET', 'api/races?status=PENDING', {\n    statusCode: 404,\n    delay: 500\n}).as('getRacesError');\ncy.visit('/races');\n// loading\ncy.contains('div', 'Loading...');\ncy.wait('@getRacesError');\ncy.contains('div.alert', 'An error occurred while loading');",
              "err": {
                "message": "CypressError: Timed out retrying after 5000ms: `cy.wait()` timed out waiting `5000ms` for the 1st request to the route: `getRacesError`. No request ever occurred.\n\nhttps://on.cypress.io/wait",
                "estack": "CypressError: Timed out retrying after 5000ms: `cy.wait()` timed out waiting `5000ms` for the 1st request to the route: `getRacesError`. No request ever occurred.\n\nhttps://on.cypress.io/wait\n    at cypressErr (http://localhost:4173/__cypress/runner/cypress_runner.js:164252:18)\n    at Object.errByPath (http://localhost:4173/__cypress/runner/cypress_runner.js:164307:10)\n    at checkForXhr (http://localhost:4173/__cypress/runner/cypress_runner.js:151203:92)\n    at <unknown> (http://localhost:4173/__cypress/runner/cypress_runner.js:151226:28)\n    at tryCatcher (http://localhost:4173/__cypress/runner/cypress_runner.js:18744:23)\n    at Promise.attempt.Promise.try (http://localhost:4173/__cypress/runner/cypress_runner.js:16018:29)\n    at whenStable (http://localhost:4173/__cypress/runner/cypress_runner.js:156168:65)\n    at <unknown> (http://localhost:4173/__cypress/runner/cypress_runner.js:155609:14)\n    at tryCatcher (http://localhost:4173/__cypress/runner/cypress_runner.js:18744:23)\n    at Promise._settlePromiseFromHandler (http://localhost:4173/__cypress/runner/cypress_runner.js:16679:31)\n    at Promise._settlePromise (http://localhost:4173/__cypress/runner/cypress_runner.js:16736:18)\n    at Promise._settlePromise0 (http://localhost:4173/__cypress/runner/cypress_runner.js:16781:10)\n    at Promise._settlePromises (http://localhost:4173/__cypress/runner/cypress_runner.js:16861:18)\n    at Promise._fulfill (http://localhost:4173/__cypress/runner/cypress_runner.js:16805:18)\n    at <unknown> (http://localhost:4173/__cypress/runner/cypress_runner.js:18419:46)\nFrom Your Spec Code:\n    at Context.eval (webpack:///./cypress/e2e/races.cy.ts:51:0)",
                "diff": null
              },
              "uuid": "20543079-5c92-4ffc-9ac6-bf6be55f2a6c",
              "parentUUID": "503eb45b-4f2a-451e-8b7d-880c26011306",
              "isHook": false,
              "skipped": false
            },
            {
              "title": "should display ponies",
              "fullTitle": "Races should display ponies",
              "timedOut": null,
              "duration": 5300,
              "state": "failed",
              "speed": null,
              "pass": false,
              "fail": true,
              "pending": false,
              "context": null,
              "code": "cy.visit('/races');\ncy.wait('@getRaces');\ncy.get('figure').should('have.length', 10);\ncy.get('img').should('have.length', 10);\ncy.get('figcaption').should('have.length', 10);",
              "err": {
                "message": "CypressError: Timed out retrying after 5000ms: `cy.wait()` timed out waiting `5000ms` for the 1st request to the route: `getRaces`. No request ever occurred.\n\nhttps://on.cypress.io/wait",
                "estack": "CypressError: Timed out retrying after 5000ms: `cy.wait()` timed out waiting `5000ms` for the 1st request to the route: `getRaces`. No request ever occurred.\n\nhttps://on.cypress.io/wait\n    at cypressErr (http://localhost:4173/__cypress/runner/cypress_runner.js:164252:18)\n    at Object.errByPath (http://localhost:4173/__cypress/runner/cypress_runner.js:164307:10)\n    at checkForXhr (http://localhost:4173/__cypress/runner/cypress_runner.js:151203:92)\n    at <unknown> (http://localhost:4173/__cypress/runner/cypress_runner.js:151226:28)\n    at tryCatcher (http://localhost:4173/__cypress/runner/cypress_runner.js:18744:23)\n    at Promise.attempt.Promise.try (http://localhost:4173/__cypress/runner/cypress_runner.js:16018:29)\n    at whenStable (http://localhost:4173/__cypress/runner/cypress_runner.js:156168:65)\n    at <unknown> (http://localhost:4173/__cypress/runner/cypress_runner.js:155609:14)\n    at tryCatcher (http://localhost:4173/__cypress/runner/cypress_runner.js:18744:23)\n    at Promise._settlePromiseFromHandler (http://localhost:4173/__cypress/runner/cypress_runner.js:16679:31)\n    at Promise._settlePromise (http://localhost:4173/__cypress/runner/cypress_runner.js:16736:18)\n    at Promise._settlePromise0 (http://localhost:4173/__cypress/runner/cypress_runner.js:16781:10)\n    at Promise._settlePromises (http://localhost:4173/__cypress/runner/cypress_runner.js:16861:18)\n    at Promise._fulfill (http://localhost:4173/__cypress/runner/cypress_runner.js:16805:18)\n    at <unknown> (http://localhost:4173/__cypress/runner/cypress_runner.js:18419:46)\nFrom Your Spec Code:\n    at Context.eval (webpack:///./cypress/e2e/races.cy.ts:56:0)",
                "diff": null
              },
              "uuid": "69d94ef8-7d78-4a35-8fd7-90e9f861b620",
              "parentUUID": "503eb45b-4f2a-451e-8b7d-880c26011306",
              "isHook": false,
              "skipped": false
            }
          ],
          "suites": [],
          "passes": [],
          "failures": [
            "cb922cd3-a1ef-4ffa-8739-51c017ed9217",
            "20543079-5c92-4ffc-9ac6-bf6be55f2a6c",
            "69d94ef8-7d78-4a35-8fd7-90e9f861b620"
          ],
          "pending": [],
          "skipped": [],
          "duration": 15838,
          "root": false,
          "rootEmpty": false,
          "_timeout": 2000
        }
      ],
      "passes": [],
      "failures": [],
      "pending": [],
      "skipped": [],
      "duration": 0,
      "root": true,
      "rootEmpty": true,
      "_timeout": 2000
    }
  ],
  "meta": {
    "mocha": {
      "version": "7.0.1"
    },
    "mochawesome": {
      "options": {
        "quiet": false,
        "reportFilename": "mochawesome",
        "saveHtml": false,
        "saveJson": true,
        "consoleReporter": "spec",
        "useInlineDiffs": false,
        "code": true
      },
      "version": "7.1.3"
    },
    "marge": {
      "options": {
        "reportDir": "results/mochawesome",
        "overwrite": false,
        "html": false,
        "json": true
      },
      "version": "6.2.0"
    }
  }
}