{
  "stats": {
    "suites": 1,
    "tests": 3,
    "passes": 0,
    "pending": 0,
    "failures": 3,
    "start": "2023-08-15T05:29:18.411Z",
    "end": "2023-08-15T05:30:23.936Z",
    "duration": 65525,
    "testsRegistered": 3,
    "passPercent": 0,
    "pendingPercent": 0,
    "other": 0,
    "hasOther": false,
    "skipped": 0,
    "hasSkipped": false
  },
  "results": [
    {
      "uuid": "0b677f38-3972-4a25-bb95-128ef9166eba",
      "title": "",
      "fullFile": "cypress\\e2e\\races.cy.ts",
      "file": "cypress\\e2e\\races.cy.ts",
      "beforeHooks": [],
      "afterHooks": [],
      "tests": [],
      "suites": [
        {
          "uuid": "6345e7ad-cfef-46e2-978a-9ca6dd3cfdac",
          "title": "Races",
          "fullFile": "",
          "file": "",
          "beforeHooks": [],
          "afterHooks": [],
          "tests": [
            {
              "title": "should display a race list",
              "fullTitle": "Races should display a race list",
              "timedOut": null,
              "duration": 5651,
              "state": "failed",
              "speed": null,
              "pass": false,
              "fail": true,
              "pending": false,
              "context": null,
              "code": "cy.visit('/races');\n// loading\ncy.contains('div', 'Loading...');\ncy.wait('@getRaces');\ncy.get('h2').should('have.length', 2);\ncy.get('p').should('have.length', 2).and('contain', 'ago');\ncy.get('div.alert').should('not.exist');",
              "err": {
                "message": "CypressError: Timed out retrying after 5000ms: `cy.wait()` timed out waiting `5000ms` for the 1st request to the route: `getRaces`. No request ever occurred.\n\nhttps://on.cypress.io/wait",
                "estack": "CypressError: Timed out retrying after 5000ms: `cy.wait()` timed out waiting `5000ms` for the 1st request to the route: `getRaces`. No request ever occurred.\n\nhttps://on.cypress.io/wait\n    at cypressErr (http://localhost:4173/__cypress/runner/cypress_runner.js:164252:18)\n    at Object.errByPath (http://localhost:4173/__cypress/runner/cypress_runner.js:164307:10)\n    at checkForXhr (http://localhost:4173/__cypress/runner/cypress_runner.js:151203:92)\n    at <unknown> (http://localhost:4173/__cypress/runner/cypress_runner.js:151226:28)\n    at tryCatcher (http://localhost:4173/__cypress/runner/cypress_runner.js:18744:23)\n    at Promise.attempt.Promise.try (http://localhost:4173/__cypress/runner/cypress_runner.js:16018:29)\n    at whenStable (http://localhost:4173/__cypress/runner/cypress_runner.js:156168:65)\n    at <unknown> (http://localhost:4173/__cypress/runner/cypress_runner.js:155609:14)\n    at tryCatcher (http://localhost:4173/__cypress/runner/cypress_runner.js:18744:23)\n    at Promise._settlePromiseFromHandler (http://localhost:4173/__cypress/runner/cypress_runner.js:16679:31)\n    at Promise._settlePromise (http://localhost:4173/__cypress/runner/cypress_runner.js:16736:18)\n    at Promise._settlePromise0 (http://localhost:4173/__cypress/runner/cypress_runner.js:16781:10)\n    at Promise._settlePromises (http://localhost:4173/__cypress/runner/cypress_runner.js:16861:18)\n    at Promise._fulfill (http://localhost:4173/__cypress/runner/cypress_runner.js:16805:18)\n    at <unknown> (http://localhost:4173/__cypress/runner/cypress_runner.js:18419:46)\nFrom Your Spec Code:\n    at Context.eval (webpack:///./cypress/e2e/races.cy.ts:37:0)",
                "diff": null
              },
              "uuid": "80d12ca9-f94f-44d6-a45f-195c552db426",
              "parentUUID": "6345e7ad-cfef-46e2-978a-9ca6dd3cfdac",
              "isHook": false,
              "skipped": false
            },
            {
              "title": "should display a loading error",
              "fullTitle": "Races should display a loading error",
              "timedOut": null,
              "duration": 5582,
              "state": "failed",
              "speed": null,
              "pass": false,
              "fail": true,
              "pending": false,
              "context": null,
              "code": "// override the response to have an error\ncy.intercept('GET', 'api/races?status=PENDING', {\n    statusCode: 404,\n    delay: 500\n}).as('getRacesError');\ncy.visit('/races');\n// loading\ncy.contains('div', 'Loading...');\ncy.wait('@getRacesError');\ncy.contains('div.alert', 'An error occurred while loading');",
              "err": {
                "message": "CypressError: Timed out retrying after 5000ms: `cy.wait()` timed out waiting `5000ms` for the 1st request to the route: `getRacesError`. No request ever occurred.\n\nhttps://on.cypress.io/wait",
                "estack": "CypressError: Timed out retrying after 5000ms: `cy.wait()` timed out waiting `5000ms` for the 1st request to the route: `getRacesError`. No request ever occurred.\n\nhttps://on.cypress.io/wait\n    at cypressErr (http://localhost:4173/__cypress/runner/cypress_runner.js:164252:18)\n    at Object.errByPath (http://localhost:4173/__cypress/runner/cypress_runner.js:164307:10)\n    at checkForXhr (http://localhost:4173/__cypress/runner/cypress_runner.js:151203:92)\n    at <unknown> (http://localhost:4173/__cypress/runner/cypress_runner.js:151226:28)\n    at tryCatcher (http://localhost:4173/__cypress/runner/cypress_runner.js:18744:23)\n    at Promise.attempt.Promise.try (http://localhost:4173/__cypress/runner/cypress_runner.js:16018:29)\n    at whenStable (http://localhost:4173/__cypress/runner/cypress_runner.js:156168:65)\n    at <unknown> (http://localhost:4173/__cypress/runner/cypress_runner.js:155609:14)\n    at tryCatcher (http://localhost:4173/__cypress/runner/cypress_runner.js:18744:23)\n    at Promise._settlePromiseFromHandler (http://localhost:4173/__cypress/runner/cypress_runner.js:16679:31)\n    at Promise._settlePromise (http://localhost:4173/__cypress/runner/cypress_runner.js:16736:18)\n    at Promise._settlePromise0 (http://localhost:4173/__cypress/runner/cypress_runner.js:16781:10)\n    at Promise._settlePromises (http://localhost:4173/__cypress/runner/cypress_runner.js:16861:18)\n    at Promise._fulfill (http://localhost:4173/__cypress/runner/cypress_runner.js:16805:18)\n    at <unknown> (http://localhost:4173/__cypress/runner/cypress_runner.js:18419:46)\nFrom Your Spec Code:\n    at Context.eval (webpack:///./cypress/e2e/races.cy.ts:51:0)",
                "diff": null
              },
              "uuid": "5a71640f-3568-4221-86fc-7d91fff1429b",
              "parentUUID": "6345e7ad-cfef-46e2-978a-9ca6dd3cfdac",
              "isHook": false,
              "skipped": false
            },
            {
              "title": "should display ponies",
              "fullTitle": "Races should display ponies",
              "timedOut": null,
              "duration": 5598,
              "state": "failed",
              "speed": null,
              "pass": false,
              "fail": true,
              "pending": false,
              "context": null,
              "code": "cy.visit('/races');\ncy.wait('@getRaces');\ncy.get('figure').should('have.length', 10);\ncy.get('img').should('have.length', 10);\ncy.get('figcaption').should('have.length', 10);",
              "err": {
                "message": "CypressError: Timed out retrying after 5000ms: `cy.wait()` timed out waiting `5000ms` for the 1st request to the route: `getRaces`. No request ever occurred.\n\nhttps://on.cypress.io/wait",
                "estack": "CypressError: Timed out retrying after 5000ms: `cy.wait()` timed out waiting `5000ms` for the 1st request to the route: `getRaces`. No request ever occurred.\n\nhttps://on.cypress.io/wait\n    at cypressErr (http://localhost:4173/__cypress/runner/cypress_runner.js:164252:18)\n    at Object.errByPath (http://localhost:4173/__cypress/runner/cypress_runner.js:164307:10)\n    at checkForXhr (http://localhost:4173/__cypress/runner/cypress_runner.js:151203:92)\n    at <unknown> (http://localhost:4173/__cypress/runner/cypress_runner.js:151226:28)\n    at tryCatcher (http://localhost:4173/__cypress/runner/cypress_runner.js:18744:23)\n    at Promise.attempt.Promise.try (http://localhost:4173/__cypress/runner/cypress_runner.js:16018:29)\n    at whenStable (http://localhost:4173/__cypress/runner/cypress_runner.js:156168:65)\n    at <unknown> (http://localhost:4173/__cypress/runner/cypress_runner.js:155609:14)\n    at tryCatcher (http://localhost:4173/__cypress/runner/cypress_runner.js:18744:23)\n    at Promise._settlePromiseFromHandler (http://localhost:4173/__cypress/runner/cypress_runner.js:16679:31)\n    at Promise._settlePromise (http://localhost:4173/__cypress/runner/cypress_runner.js:16736:18)\n    at Promise._settlePromise0 (http://localhost:4173/__cypress/runner/cypress_runner.js:16781:10)\n    at Promise._settlePromises (http://localhost:4173/__cypress/runner/cypress_runner.js:16861:18)\n    at Promise._fulfill (http://localhost:4173/__cypress/runner/cypress_runner.js:16805:18)\n    at <unknown> (http://localhost:4173/__cypress/runner/cypress_runner.js:18419:46)\nFrom Your Spec Code:\n    at Context.eval (webpack:///./cypress/e2e/races.cy.ts:56:0)",
                "diff": null
              },
              "uuid": "31794516-e5a1-4427-84e4-e6e951638b5e",
              "parentUUID": "6345e7ad-cfef-46e2-978a-9ca6dd3cfdac",
              "isHook": false,
              "skipped": false
            }
          ],
          "suites": [],
          "passes": [],
          "failures": [
            "80d12ca9-f94f-44d6-a45f-195c552db426",
            "5a71640f-3568-4221-86fc-7d91fff1429b",
            "31794516-e5a1-4427-84e4-e6e951638b5e"
          ],
          "pending": [],
          "skipped": [],
          "duration": 16831,
          "root": false,
          "rootEmpty": false,
          "_timeout": 2000
        }
      ],
      "passes": [],
      "failures": [],
      "pending": [],
      "skipped": [],
      "duration": 0,
      "root": true,
      "rootEmpty": true,
      "_timeout": 2000
    }
  ],
  "meta": {
    "mocha": {
      "version": "7.0.1"
    },
    "mochawesome": {
      "options": {
        "quiet": false,
        "reportFilename": "mochawesome",
        "saveHtml": false,
        "saveJson": true,
        "consoleReporter": "spec",
        "useInlineDiffs": false,
        "code": true
      },
      "version": "7.1.3"
    },
    "marge": {
      "options": {
        "reportDir": "results/mochawesome",
        "overwrite": false,
        "html": false,
        "json": true
      },
      "version": "6.2.0"
    }
  }
}