{
  "stats": {
    "suites": 1,
    "tests": 6,
    "passes": 3,
    "pending": 0,
    "failures": 3,
    "start": "2023-08-15T03:43:26.849Z",
    "end": "2023-08-15T03:44:23.049Z",
    "duration": 56200,
    "testsRegistered": 6,
    "passPercent": 50,
    "pendingPercent": 0,
    "other": 0,
    "hasOther": false,
    "skipped": 0,
    "hasSkipped": false
  },
  "results": [
    {
      "uuid": "2401a765-3c4f-4bbf-9ed0-1f77b025a87f",
      "title": "",
      "fullFile": "cypress\\e2e\\home.cy.ts",
      "file": "cypress\\e2e\\home.cy.ts",
      "beforeHooks": [],
      "afterHooks": [],
      "tests": [],
      "suites": [
        {
          "uuid": "ecdedd76-aaf1-4f5e-85fc-a64b044ae43c",
          "title": "Ponyracer",
          "fullFile": "",
          "file": "",
          "beforeHooks": [],
          "afterHooks": [],
          "tests": [
            {
              "title": "should display title on home page",
              "fullTitle": "Ponyracer should display title on home page",
              "timedOut": null,
              "duration": 246,
              "state": "passed",
              "speed": "fast",
              "pass": true,
              "fail": false,
              "pending": false,
              "context": null,
              "code": "cy.visit('/');\ncy.contains('h1', 'Ponyracer');",
              "err": {},
              "uuid": "0c2af525-b420-4ccc-8a41-ed420fe40949",
              "parentUUID": "ecdedd76-aaf1-4f5e-85fc-a64b044ae43c",
              "isHook": false,
              "skipped": false
            },
            {
              "title": "should display a navbar",
              "fullTitle": "Ponyracer should display a navbar",
              "timedOut": null,
              "duration": 101,
              "state": "passed",
              "speed": "fast",
              "pass": true,
              "fail": false,
              "pending": false,
              "context": null,
              "code": "cy.visit('/');\ncy.contains(navbarBrand, 'PonyRacer');\ncy.contains(navbarLink, 'Races');",
              "err": {},
              "uuid": "26721291-ca93-40c7-8402-535109875c4f",
              "parentUUID": "ecdedd76-aaf1-4f5e-85fc-a64b044ae43c",
              "isHook": false,
              "skipped": false
            },
            {
              "title": "should display a navbar collapsed on small screen",
              "fullTitle": "Ponyracer should display a navbar collapsed on small screen",
              "timedOut": null,
              "duration": 185,
              "state": "passed",
              "speed": "fast",
              "pass": true,
              "fail": false,
              "pending": false,
              "context": null,
              "code": "cy.viewport('iphone-6+');\ncy.visit('/');\ncy.contains(navbarBrand, 'PonyRacer');\ncy.get(navbarLink).should('not.be.visible');\n// toggle the navbar\ncy.get('.navbar-toggler').click();\ncy.get(navbarLink).should('be.visible');",
              "err": {},
              "uuid": "682cc653-aa0d-4c3e-8ea7-3eeae2916484",
              "parentUUID": "ecdedd76-aaf1-4f5e-85fc-a64b044ae43c",
              "isHook": false,
              "skipped": false
            },
            {
              "title": "should display a race list",
              "fullTitle": "Ponyracer should display a race list",
              "timedOut": null,
              "duration": 4440,
              "state": "failed",
              "speed": null,
              "pass": false,
              "fail": true,
              "pending": false,
              "context": null,
              "code": "cy.visit('/');\n// loading\ncy.contains('div', 'Loading...');\ncy.wait('@getRaces');\ncy.get('h2').should('have.length', 2);\ncy.get('p').should('have.length', 2).and('contain', 'ago');\ncy.get('div.alert').should('not.exist');",
              "err": {
                "message": "AssertionError: Timed out retrying after 4000ms: Expected to find content: 'Loading...' within the selector: 'div' but never did.",
                "estack": "AssertionError: Timed out retrying after 4000ms: Expected to find content: 'Loading...' within the selector: 'div' but never did.\n    at Context.eval (webpack:///./cypress/e2e/home.cy.ts:55:0)",
                "diff": null
              },
              "uuid": "628f6760-f0f1-4175-915a-a91db06a4d3e",
              "parentUUID": "ecdedd76-aaf1-4f5e-85fc-a64b044ae43c",
              "isHook": false,
              "skipped": false
            },
            {
              "title": "should display a loading error",
              "fullTitle": "Ponyracer should display a loading error",
              "timedOut": null,
              "duration": 4213,
              "state": "failed",
              "speed": null,
              "pass": false,
              "fail": true,
              "pending": false,
              "context": null,
              "code": "// override the response to have an error\ncy.intercept('GET', 'api/races?status=PENDING', {\n    statusCode: 404,\n    delay: 500\n}).as('getRacesError');\ncy.visit('/');\n// loading\ncy.contains('div', 'Loading...');\ncy.wait('@getRacesError');\ncy.contains('div.alert', 'An error occurred while loading');",
              "err": {
                "message": "AssertionError: Timed out retrying after 4000ms: Expected to find content: 'Loading...' within the selector: 'div' but never did.",
                "estack": "AssertionError: Timed out retrying after 4000ms: Expected to find content: 'Loading...' within the selector: 'div' but never did.\n    at Context.eval (webpack:///./cypress/e2e/home.cy.ts:69:0)",
                "diff": null
              },
              "uuid": "ed1aa883-00e5-4996-9488-ca73353dbd85",
              "parentUUID": "ecdedd76-aaf1-4f5e-85fc-a64b044ae43c",
              "isHook": false,
              "skipped": false
            },
            {
              "title": "should display ponies",
              "fullTitle": "Ponyracer should display ponies",
              "timedOut": null,
              "duration": 5245,
              "state": "failed",
              "speed": null,
              "pass": false,
              "fail": true,
              "pending": false,
              "context": null,
              "code": "cy.visit('/');\ncy.wait('@getRaces');\ncy.get('figure').should('have.length', 10);\ncy.get('img').should('have.length', 10);\ncy.get('figcaption').should('have.length', 10);",
              "err": {
                "message": "CypressError: Timed out retrying after 5000ms: `cy.wait()` timed out waiting `5000ms` for the 1st request to the route: `getRaces`. No request ever occurred.\n\nhttps://on.cypress.io/wait",
                "estack": "CypressError: Timed out retrying after 5000ms: `cy.wait()` timed out waiting `5000ms` for the 1st request to the route: `getRaces`. No request ever occurred.\n\nhttps://on.cypress.io/wait\n    at cypressErr (http://localhost:4173/__cypress/runner/cypress_runner.js:164252:18)\n    at Object.errByPath (http://localhost:4173/__cypress/runner/cypress_runner.js:164307:10)\n    at checkForXhr (http://localhost:4173/__cypress/runner/cypress_runner.js:151203:92)\n    at <unknown> (http://localhost:4173/__cypress/runner/cypress_runner.js:151226:28)\n    at tryCatcher (http://localhost:4173/__cypress/runner/cypress_runner.js:18744:23)\n    at Promise.attempt.Promise.try (http://localhost:4173/__cypress/runner/cypress_runner.js:16018:29)\n    at whenStable (http://localhost:4173/__cypress/runner/cypress_runner.js:156168:65)\n    at <unknown> (http://localhost:4173/__cypress/runner/cypress_runner.js:155609:14)\n    at tryCatcher (http://localhost:4173/__cypress/runner/cypress_runner.js:18744:23)\n    at Promise._settlePromiseFromHandler (http://localhost:4173/__cypress/runner/cypress_runner.js:16679:31)\n    at Promise._settlePromise (http://localhost:4173/__cypress/runner/cypress_runner.js:16736:18)\n    at Promise._settlePromise0 (http://localhost:4173/__cypress/runner/cypress_runner.js:16781:10)\n    at Promise._settlePromises (http://localhost:4173/__cypress/runner/cypress_runner.js:16861:18)\n    at Promise._fulfill (http://localhost:4173/__cypress/runner/cypress_runner.js:16805:18)\n    at <unknown> (http://localhost:4173/__cypress/runner/cypress_runner.js:18419:46)\nFrom Your Spec Code:\n    at Context.eval (webpack:///./cypress/e2e/home.cy.ts:75:0)",
                "diff": null
              },
              "uuid": "4eb95c2a-6341-4dc8-aaea-0848735200c4",
              "parentUUID": "ecdedd76-aaf1-4f5e-85fc-a64b044ae43c",
              "isHook": false,
              "skipped": false
            }
          ],
          "suites": [],
          "passes": [
            "0c2af525-b420-4ccc-8a41-ed420fe40949",
            "26721291-ca93-40c7-8402-535109875c4f",
            "682cc653-aa0d-4c3e-8ea7-3eeae2916484"
          ],
          "failures": [
            "628f6760-f0f1-4175-915a-a91db06a4d3e",
            "ed1aa883-00e5-4996-9488-ca73353dbd85",
            "4eb95c2a-6341-4dc8-aaea-0848735200c4"
          ],
          "pending": [],
          "skipped": [],
          "duration": 14430,
          "root": false,
          "rootEmpty": false,
          "_timeout": 2000
        }
      ],
      "passes": [],
      "failures": [],
      "pending": [],
      "skipped": [],
      "duration": 0,
      "root": true,
      "rootEmpty": true,
      "_timeout": 2000
    }
  ],
  "meta": {
    "mocha": {
      "version": "7.0.1"
    },
    "mochawesome": {
      "options": {
        "quiet": false,
        "reportFilename": "mochawesome",
        "saveHtml": false,
        "saveJson": true,
        "consoleReporter": "spec",
        "useInlineDiffs": false,
        "code": true
      },
      "version": "7.1.3"
    },
    "marge": {
      "options": {
        "reportDir": "results/mochawesome",
        "overwrite": false,
        "html": false,
        "json": true
      },
      "version": "6.2.0"
    }
  }
}