{
  "stats": {
    "suites": 1,
    "tests": 2,
    "passes": 0,
    "pending": 0,
    "failures": 2,
    "start": "2023-08-15T05:49:00.840Z",
    "end": "2023-08-15T05:49:50.541Z",
    "duration": 49701,
    "testsRegistered": 2,
    "passPercent": 0,
    "pendingPercent": 0,
    "other": 0,
    "hasOther": false,
    "skipped": 0,
    "hasSkipped": false
  },
  "results": [
    {
      "uuid": "00133308-f0a1-49e9-921b-b0c14e1aa7a8",
      "title": "",
      "fullFile": "cypress\\e2e\\login.cy.ts",
      "file": "cypress\\e2e\\login.cy.ts",
      "beforeHooks": [],
      "afterHooks": [],
      "tests": [],
      "suites": [
        {
          "uuid": "5392dcdf-8607-4959-a6b7-150850584474",
          "title": "Login",
          "fullFile": "",
          "file": "",
          "beforeHooks": [],
          "afterHooks": [],
          "tests": [
            {
              "title": "should display a login page",
              "fullTitle": "Login should display a login page",
              "timedOut": null,
              "duration": 6800,
              "state": "failed",
              "speed": null,
              "pass": false,
              "fail": true,
              "pending": false,
              "context": null,
              "code": "cy.visit('/login');\ncy.get('button').should('be.visible').and('be.disabled');\nloginInput().type('c');\nloginInput().clear();\nerrorMessage().should('be.visible').and('contain', 'The login is required');\nloginInput().type('ced');\nerrorMessage().should('not.exist');\npasswordInput().type('p');\npasswordInput().clear();\nerrorMessage().should('be.visible').and('contain', 'The password is required');\npasswordInput().type('pa');\nerrorMessage().should('not.exist');\nsubmitButton().click();\ncy.wait('@authenticateUser');\ncy.location('pathname').should('eq', '/');",
              "err": {
                "message": "CypressError: Timed out retrying after 5000ms: `cy.wait()` timed out waiting `5000ms` for the 1st request to the route: `authenticateUser`. No request ever occurred.\n\nhttps://on.cypress.io/wait",
                "estack": "CypressError: Timed out retrying after 5000ms: `cy.wait()` timed out waiting `5000ms` for the 1st request to the route: `authenticateUser`. No request ever occurred.\n\nhttps://on.cypress.io/wait\n    at cypressErr (http://localhost:4173/__cypress/runner/cypress_runner.js:164252:18)\n    at Object.errByPath (http://localhost:4173/__cypress/runner/cypress_runner.js:164307:10)\n    at checkForXhr (http://localhost:4173/__cypress/runner/cypress_runner.js:151203:92)\n    at <unknown> (http://localhost:4173/__cypress/runner/cypress_runner.js:151226:28)\n    at tryCatcher (http://localhost:4173/__cypress/runner/cypress_runner.js:18744:23)\n    at Promise.attempt.Promise.try (http://localhost:4173/__cypress/runner/cypress_runner.js:16018:29)\n    at whenStable (http://localhost:4173/__cypress/runner/cypress_runner.js:156168:65)\n    at <unknown> (http://localhost:4173/__cypress/runner/cypress_runner.js:155609:14)\n    at tryCatcher (http://localhost:4173/__cypress/runner/cypress_runner.js:18744:23)\n    at Promise._settlePromiseFromHandler (http://localhost:4173/__cypress/runner/cypress_runner.js:16679:31)\n    at Promise._settlePromise (http://localhost:4173/__cypress/runner/cypress_runner.js:16736:18)\n    at Promise._settlePromise0 (http://localhost:4173/__cypress/runner/cypress_runner.js:16781:10)\n    at Promise._settlePromises (http://localhost:4173/__cypress/runner/cypress_runner.js:16861:18)\n    at Promise._fulfill (http://localhost:4173/__cypress/runner/cypress_runner.js:16805:18)\n    at <unknown> (http://localhost:4173/__cypress/runner/cypress_runner.js:18419:46)\nFrom Your Spec Code:\n    at Context.eval (webpack:///./cypress/e2e/login.cy.ts:32:0)",
                "diff": null
              },
              "uuid": "7d90f92b-ad84-4c0e-95b4-3ba3b273550a",
              "parentUUID": "5392dcdf-8607-4959-a6b7-150850584474",
              "isHook": false,
              "skipped": false
            },
            {
              "title": "should display an alert if login fails",
              "fullTitle": "Login should display an alert if login fails",
              "timedOut": null,
              "duration": 6168,
              "state": "failed",
              "speed": null,
              "pass": false,
              "fail": true,
              "pending": false,
              "context": null,
              "code": "cy.visit('/login');\ncy.intercept('POST', 'api/users/authentication', {\n    statusCode: 404\n}).as('failedAuthenticateUser');\nloginInput().type('ced');\npasswordInput().type('pa');\nsubmitButton().click();\ncy.wait('@failedAuthenticateUser');\ncy.location('pathname').should('eq', '/login');\ncy.get('.alert-danger').should('contain', 'Nope, try again');",
              "err": {
                "message": "CypressError: Timed out retrying after 5000ms: `cy.wait()` timed out waiting `5000ms` for the 1st request to the route: `failedAuthenticateUser`. No request ever occurred.\n\nhttps://on.cypress.io/wait",
                "estack": "CypressError: Timed out retrying after 5000ms: `cy.wait()` timed out waiting `5000ms` for the 1st request to the route: `failedAuthenticateUser`. No request ever occurred.\n\nhttps://on.cypress.io/wait\n    at cypressErr (http://localhost:4173/__cypress/runner/cypress_runner.js:164252:18)\n    at Object.errByPath (http://localhost:4173/__cypress/runner/cypress_runner.js:164307:10)\n    at checkForXhr (http://localhost:4173/__cypress/runner/cypress_runner.js:151203:92)\n    at <unknown> (http://localhost:4173/__cypress/runner/cypress_runner.js:151226:28)\n    at tryCatcher (http://localhost:4173/__cypress/runner/cypress_runner.js:18744:23)\n    at Promise.attempt.Promise.try (http://localhost:4173/__cypress/runner/cypress_runner.js:16018:29)\n    at whenStable (http://localhost:4173/__cypress/runner/cypress_runner.js:156168:65)\n    at <unknown> (http://localhost:4173/__cypress/runner/cypress_runner.js:155609:14)\n    at tryCatcher (http://localhost:4173/__cypress/runner/cypress_runner.js:18744:23)\n    at Promise._settlePromiseFromHandler (http://localhost:4173/__cypress/runner/cypress_runner.js:16679:31)\n    at Promise._settlePromise (http://localhost:4173/__cypress/runner/cypress_runner.js:16736:18)\n    at Promise._settlePromise0 (http://localhost:4173/__cypress/runner/cypress_runner.js:16781:10)\n    at Promise._settlePromises (http://localhost:4173/__cypress/runner/cypress_runner.js:16861:18)\n    at Promise._fulfill (http://localhost:4173/__cypress/runner/cypress_runner.js:16805:18)\n    at <unknown> (http://localhost:4173/__cypress/runner/cypress_runner.js:18419:46)\nFrom Your Spec Code:\n    at Context.eval (webpack:///./cypress/e2e/login.cy.ts:43:0)",
                "diff": null
              },
              "uuid": "065a71c8-0b4b-45ce-b996-82d5de12a5eb",
              "parentUUID": "5392dcdf-8607-4959-a6b7-150850584474",
              "isHook": false,
              "skipped": false
            }
          ],
          "suites": [],
          "passes": [],
          "failures": [
            "7d90f92b-ad84-4c0e-95b4-3ba3b273550a",
            "065a71c8-0b4b-45ce-b996-82d5de12a5eb"
          ],
          "pending": [],
          "skipped": [],
          "duration": 12968,
          "root": false,
          "rootEmpty": false,
          "_timeout": 2000
        }
      ],
      "passes": [],
      "failures": [],
      "pending": [],
      "skipped": [],
      "duration": 0,
      "root": true,
      "rootEmpty": true,
      "_timeout": 2000
    }
  ],
  "meta": {
    "mocha": {
      "version": "7.0.1"
    },
    "mochawesome": {
      "options": {
        "quiet": false,
        "reportFilename": "mochawesome",
        "saveHtml": false,
        "saveJson": true,
        "consoleReporter": "spec",
        "useInlineDiffs": false,
        "code": true
      },
      "version": "7.1.3"
    },
    "marge": {
      "options": {
        "reportDir": "results/mochawesome",
        "overwrite": false,
        "html": false,
        "json": true
      },
      "version": "6.2.0"
    }
  }
}