{
  "stats": {
    "suites": 1,
    "tests": 4,
    "passes": 4,
    "pending": 0,
    "failures": 0,
    "start": "2023-08-16T09:21:39.951Z",
    "end": "2023-08-16T09:21:41.478Z",
    "duration": 1527,
    "testsRegistered": 4,
    "passPercent": 100,
    "pendingPercent": 0,
    "other": 0,
    "hasOther": false,
    "skipped": 0,
    "hasSkipped": false
  },
  "results": [
    {
      "uuid": "e84089e0-d0d8-46c5-baca-f4f14f8e4961",
      "title": "",
      "fullFile": "cypress\\e2e\\races.cy.ts",
      "file": "cypress\\e2e\\races.cy.ts",
      "beforeHooks": [],
      "afterHooks": [],
      "tests": [],
      "suites": [
        {
          "uuid": "9c912f91-3c58-4519-94d6-6dd7300edb36",
          "title": "Races",
          "fullFile": "",
          "file": "",
          "beforeHooks": [],
          "afterHooks": [],
          "tests": [
            {
              "title": "should display a list of pending races by default",
              "fullTitle": "Races should display a list of pending races by default",
              "timedOut": null,
              "duration": 375,
              "state": "passed",
              "speed": "fast",
              "pass": true,
              "fail": false,
              "pending": false,
              "context": null,
              "code": "cy.visit('/races');\n// should redirect to home page as the user is not logged\ncy.location('pathname')\n    .should('eq', '/')\n    .then(\n// log the user and try again\nfunction () { return storeUserInLocalStorage(); });\ncy.visit('/races');\n// loading\ncy.contains('div', 'Loading...');\ncy.location('pathname').should('eq', '/races/pending');\ncy.wait('@getPendingRaces');\ncy.get('h2').should('have.length', 2);\ncy.get('p').should('have.length', 2).and('contain', 'ago');\ncy.get('div.alert').should('not.exist');",
              "err": {},
              "uuid": "f5523a36-675c-45be-8f8d-65083692764e",
              "parentUUID": "9c912f91-3c58-4519-94d6-6dd7300edb36",
              "isHook": false,
              "skipped": false
            },
            {
              "title": "should display a loading error",
              "fullTitle": "Races should display a loading error",
              "timedOut": null,
              "duration": 655,
              "state": "passed",
              "speed": "fast",
              "pass": true,
              "fail": false,
              "pending": false,
              "context": null,
              "code": "storeUserInLocalStorage();\n// override the response to have an error\ncy.intercept('GET', 'api/races?status=PENDING', {\n    statusCode: 404,\n    delay: 500\n}).as('getRacesError');\ncy.visit('/races');\n// loading\ncy.contains('div', 'Loading...');\ncy.wait('@getRacesError');\ncy.contains('div.alert', 'An error occurred while loading');",
              "err": {},
              "uuid": "5095b2ea-cb85-4dde-ba91-57bee58eee20",
              "parentUUID": "9c912f91-3c58-4519-94d6-6dd7300edb36",
              "isHook": false,
              "skipped": false
            },
            {
              "title": "should display ponies",
              "fullTitle": "Races should display ponies",
              "timedOut": null,
              "duration": 192,
              "state": "passed",
              "speed": "fast",
              "pass": true,
              "fail": false,
              "pending": false,
              "context": null,
              "code": "storeUserInLocalStorage();\ncy.visit('/races');\ncy.wait('@getPendingRaces');\ncy.get('figure').should('have.length', 10);\ncy.get('img').should('have.length', 10);\ncy.get('figcaption').should('have.length', 10);",
              "err": {},
              "uuid": "b5382b96-4976-4e51-bb6d-d4c3eb830b8c",
              "parentUUID": "9c912f91-3c58-4519-94d6-6dd7300edb36",
              "isHook": false,
              "skipped": false
            },
            {
              "title": "should display a list of finished races in another tab",
              "fullTitle": "Races should display a list of finished races in another tab",
              "timedOut": null,
              "duration": 272,
              "state": "passed",
              "speed": "fast",
              "pass": true,
              "fail": false,
              "pending": false,
              "context": null,
              "code": "storeUserInLocalStorage();\ncy.visit('/races/pending');\ncy.wait('@getPendingRaces');\nvar pendingRacesTab = function () { return cy.get('.nav-tabs .nav-link').first(); };\nvar finishedRacesTab = function () { return cy.get('.nav-tabs .nav-link').eq(1); };\npendingRacesTab().should('have.class', 'active').and('contain', 'Pending races');\nfinishedRacesTab().should('not.have.class', 'active').and('contain', 'Finished races');\nfinishedRacesTab().click();\ncy.location('pathname').should('eq', '/races/finished');\ncy.wait('@getFinishedRaces');\npendingRacesTab().should('not.have.class', 'active');\nfinishedRacesTab().should('have.class', 'active');\ncy.get('h2').should('have.length', 1);\ncy.get('p').should('have.length', 1).and('contain', 'ago');",
              "err": {},
              "uuid": "41571db7-eed9-4e01-b18a-71fa92dfd118",
              "parentUUID": "9c912f91-3c58-4519-94d6-6dd7300edb36",
              "isHook": false,
              "skipped": false
            }
          ],
          "suites": [],
          "passes": [
            "f5523a36-675c-45be-8f8d-65083692764e",
            "5095b2ea-cb85-4dde-ba91-57bee58eee20",
            "b5382b96-4976-4e51-bb6d-d4c3eb830b8c",
            "41571db7-eed9-4e01-b18a-71fa92dfd118"
          ],
          "failures": [],
          "pending": [],
          "skipped": [],
          "duration": 1494,
          "root": false,
          "rootEmpty": false,
          "_timeout": 2000
        }
      ],
      "passes": [],
      "failures": [],
      "pending": [],
      "skipped": [],
      "duration": 0,
      "root": true,
      "rootEmpty": true,
      "_timeout": 2000
    }
  ],
  "meta": {
    "mocha": {
      "version": "7.0.1"
    },
    "mochawesome": {
      "options": {
        "quiet": false,
        "reportFilename": "mochawesome",
        "saveHtml": false,
        "saveJson": true,
        "consoleReporter": "spec",
        "useInlineDiffs": false,
        "code": true
      },
      "version": "7.1.3"
    },
    "marge": {
      "options": {
        "reportDir": "results/mochawesome",
        "overwrite": false,
        "html": false,
        "json": true
      },
      "version": "6.2.0"
    }
  }
}