{
  "stats": {
    "suites": 1,
    "tests": 1,
    "passes": 1,
    "pending": 0,
    "failures": 0,
    "start": "2023-08-16T09:21:42.635Z",
    "end": "2023-08-16T09:21:44.938Z",
    "duration": 2303,
    "testsRegistered": 1,
    "passPercent": 100,
    "pendingPercent": 0,
    "other": 0,
    "hasOther": false,
    "skipped": 0,
    "hasSkipped": false
  },
  "results": [
    {
      "uuid": "c1e936a6-d9f2-4b61-a524-9094f4a78830",
      "title": "",
      "fullFile": "cypress\\e2e\\register.cy.ts",
      "file": "cypress\\e2e\\register.cy.ts",
      "beforeHooks": [],
      "afterHooks": [],
      "tests": [],
      "suites": [
        {
          "uuid": "c32a12dc-f294-4173-b805-c47c81b5c9ca",
          "title": "Register",
          "fullFile": "",
          "file": "",
          "beforeHooks": [],
          "afterHooks": [],
          "tests": [
            {
              "title": "should display a register page",
              "fullTitle": "Register should display a register page",
              "timedOut": null,
              "duration": 2215,
              "state": "passed",
              "speed": "fast",
              "pass": true,
              "fail": false,
              "pending": false,
              "context": null,
              "code": "cy.visit('/register');\nvar loginInput = function () { return cy.get('input').first(); };\nvar passwordInput = function () { return cy.get('input[type=password]').first(); };\nvar confirmInput = function () { return cy.get('input[type=password]').eq(1); };\nvar birthYearInput = function () { return cy.get('input[type=number]'); };\nvar errorMessage = function () { return cy.get('.invalid-feedback'); };\ncy.get('button').should('be.visible').and('be.disabled');\nloginInput().type('c');\nloginInput().clear();\nerrorMessage().should('be.visible').and('contain', 'The login is required');\nloginInput().type('ced');\nerrorMessage().should('not.exist');\npasswordInput().type('p');\npasswordInput().clear();\nerrorMessage().should('be.visible').and('contain', 'The password is required');\npasswordInput().type('pa');\nerrorMessage().should('not.exist');\nconfirmInput().type('p');\nconfirmInput().clear();\nerrorMessage().should('be.visible').and('contain', 'The password confirmation is required');\nconfirmInput().type('p');\nerrorMessage().should('be.visible').and('contain', 'The password confirmation does not match');\nconfirmInput().type('a');\nerrorMessage().should('not.exist');\nbirthYearInput().clear();\nerrorMessage().should('be.visible').and('contain', 'The birth year is required');\nbirthYearInput().type(\"\".concat(new Date().getFullYear() - 17));\nerrorMessage().should('be.visible').and('contain', \"You're not old enough to bet on ponies.\");\nbirthYearInput().clear();\nbirthYearInput().type('1986');\nerrorMessage().should('not.exist');\ncy.get('form > button').click();\ncy.wait('@registerUser');\ncy.location('pathname').should('eq', '/');",
              "err": {},
              "uuid": "a942e5dc-40f4-49e9-88ed-1955da338d3c",
              "parentUUID": "c32a12dc-f294-4173-b805-c47c81b5c9ca",
              "isHook": false,
              "skipped": false
            }
          ],
          "suites": [],
          "passes": [
            "a942e5dc-40f4-49e9-88ed-1955da338d3c"
          ],
          "failures": [],
          "pending": [],
          "skipped": [],
          "duration": 2215,
          "root": false,
          "rootEmpty": false,
          "_timeout": 2000
        }
      ],
      "passes": [],
      "failures": [],
      "pending": [],
      "skipped": [],
      "duration": 0,
      "root": true,
      "rootEmpty": true,
      "_timeout": 2000
    }
  ],
  "meta": {
    "mocha": {
      "version": "7.0.1"
    },
    "mochawesome": {
      "options": {
        "quiet": false,
        "reportFilename": "mochawesome",
        "saveHtml": false,
        "saveJson": true,
        "consoleReporter": "spec",
        "useInlineDiffs": false,
        "code": true
      },
      "version": "7.1.3"
    },
    "marge": {
      "options": {
        "reportDir": "results/mochawesome",
        "overwrite": false,
        "html": false,
        "json": true
      },
      "version": "6.2.0"
    }
  }
}