{
  "stats": {
    "suites": 1,
    "tests": 4,
    "passes": 4,
    "pending": 0,
    "failures": 0,
    "start": "2023-08-14T09:04:37.582Z",
    "end": "2023-08-14T09:04:38.166Z",
    "duration": 584,
    "testsRegistered": 4,
    "passPercent": 100,
    "pendingPercent": 0,
    "other": 0,
    "hasOther": false,
    "skipped": 0,
    "hasSkipped": false
  },
  "results": [
    {
      "uuid": "21f3816a-79c6-48d1-9e1d-60e916a74cec",
      "title": "",
      "fullFile": "cypress\\e2e\\home.cy.ts",
      "file": "cypress\\e2e\\home.cy.ts",
      "beforeHooks": [],
      "afterHooks": [],
      "tests": [],
      "suites": [
        {
          "uuid": "0ac7daeb-535b-42e0-9bf3-7a2dced8ec2d",
          "title": "Ponyracer",
          "fullFile": "",
          "file": "",
          "beforeHooks": [],
          "afterHooks": [],
          "tests": [
            {
              "title": "should display title on home page",
              "fullTitle": "Ponyracer should display title on home page",
              "timedOut": null,
              "duration": 195,
              "state": "passed",
              "speed": "fast",
              "pass": true,
              "fail": false,
              "pending": false,
              "context": null,
              "code": "cy.visit('/');\ncy.contains('h1', 'Ponyracer');",
              "err": {},
              "uuid": "56b0b292-c6af-4ab5-8e47-07527d4a2ec9",
              "parentUUID": "0ac7daeb-535b-42e0-9bf3-7a2dced8ec2d",
              "isHook": false,
              "skipped": false
            },
            {
              "title": "should display a navbar",
              "fullTitle": "Ponyracer should display a navbar",
              "timedOut": null,
              "duration": 82,
              "state": "passed",
              "speed": "fast",
              "pass": true,
              "fail": false,
              "pending": false,
              "context": null,
              "code": "cy.visit('/');\ncy.contains(navbarBrand, 'PonyRacer');\ncy.contains(navbarLink, 'Races');",
              "err": {},
              "uuid": "5bd800a9-1712-4579-b33e-f9e3ead4299b",
              "parentUUID": "0ac7daeb-535b-42e0-9bf3-7a2dced8ec2d",
              "isHook": false,
              "skipped": false
            },
            {
              "title": "should display a navbar collapsed on small screen",
              "fullTitle": "Ponyracer should display a navbar collapsed on small screen",
              "timedOut": null,
              "duration": 185,
              "state": "passed",
              "speed": "fast",
              "pass": true,
              "fail": false,
              "pending": false,
              "context": null,
              "code": "cy.viewport('iphone-6+');\ncy.visit('/');\ncy.contains(navbarBrand, 'PonyRacer');\ncy.get(navbarLink).should('not.be.visible');\n// toggle the navbar\ncy.get('.navbar-toggler').click();\ncy.get(navbarLink).should('be.visible');",
              "err": {},
              "uuid": "6a990b01-7ac4-4a64-88e9-7341a43debaf",
              "parentUUID": "0ac7daeb-535b-42e0-9bf3-7a2dced8ec2d",
              "isHook": false,
              "skipped": false
            },
            {
              "title": "should display a race list",
              "fullTitle": "Ponyracer should display a race list",
              "timedOut": null,
              "duration": 94,
              "state": "passed",
              "speed": "fast",
              "pass": true,
              "fail": false,
              "pending": false,
              "context": null,
              "code": "cy.visit('/');\ncy.get('h2').should('have.length', 2);\ncy.get('.container ul li').should('have.length', 10);",
              "err": {},
              "uuid": "241e0495-6293-413d-be73-c7d4fae61510",
              "parentUUID": "0ac7daeb-535b-42e0-9bf3-7a2dced8ec2d",
              "isHook": false,
              "skipped": false
            }
          ],
          "suites": [],
          "passes": [
            "56b0b292-c6af-4ab5-8e47-07527d4a2ec9",
            "5bd800a9-1712-4579-b33e-f9e3ead4299b",
            "6a990b01-7ac4-4a64-88e9-7341a43debaf",
            "241e0495-6293-413d-be73-c7d4fae61510"
          ],
          "failures": [],
          "pending": [],
          "skipped": [],
          "duration": 556,
          "root": false,
          "rootEmpty": false,
          "_timeout": 2000
        }
      ],
      "passes": [],
      "failures": [],
      "pending": [],
      "skipped": [],
      "duration": 0,
      "root": true,
      "rootEmpty": true,
      "_timeout": 2000
    }
  ],
  "meta": {
    "mocha": {
      "version": "7.0.1"
    },
    "mochawesome": {
      "options": {
        "quiet": false,
        "reportFilename": "mochawesome",
        "saveHtml": false,
        "saveJson": true,
        "consoleReporter": "spec",
        "useInlineDiffs": false,
        "code": true
      },
      "version": "7.1.3"
    },
    "marge": {
      "options": {
        "reportDir": "results/mochawesome",
        "overwrite": false,
        "html": false,
        "json": true
      },
      "version": "6.2.0"
    }
  }
}