{
  "stats": {
    "suites": 1,
    "tests": 1,
    "passes": 1,
    "pending": 0,
    "failures": 0,
    "start": "2023-08-16T09:21:46.148Z",
    "end": "2023-08-16T09:21:46.493Z",
    "duration": 345,
    "testsRegistered": 1,
    "passPercent": 100,
    "pendingPercent": 0,
    "other": 0,
    "hasOther": false,
    "skipped": 0,
    "hasSkipped": false
  },
  "results": [
    {
      "uuid": "0e34c10b-fc7d-49e4-92f7-d6bc8de62086",
      "title": "",
      "fullFile": "cypress\\e2e\\score-history.cy.ts",
      "file": "cypress\\e2e\\score-history.cy.ts",
      "beforeHooks": [],
      "afterHooks": [],
      "tests": [],
      "suites": [
        {
          "uuid": "dbbf7fbb-b610-423d-8fdf-461407dd1a5b",
          "title": "Money history",
          "fullFile": "",
          "file": "",
          "beforeHooks": [],
          "afterHooks": [],
          "tests": [
            {
              "title": "should display the score history of the user",
              "fullTitle": "Money history should display the score history of the user",
              "timedOut": null,
              "duration": 309,
              "state": "passed",
              "speed": "fast",
              "pass": true,
              "fail": false,
              "pending": false,
              "context": null,
              "code": "storeUserInLocalStorage();\ncy.visit('/score-history');\ncy.wait('@history');\ncy.get('h1').should('contain', 'Score history');\ncy.get('canvas').should('exist');",
              "err": {},
              "uuid": "905f5b69-971a-45ee-be2e-79de57505e2f",
              "parentUUID": "dbbf7fbb-b610-423d-8fdf-461407dd1a5b",
              "isHook": false,
              "skipped": false
            }
          ],
          "suites": [],
          "passes": [
            "905f5b69-971a-45ee-be2e-79de57505e2f"
          ],
          "failures": [],
          "pending": [],
          "skipped": [],
          "duration": 309,
          "root": false,
          "rootEmpty": false,
          "_timeout": 2000
        }
      ],
      "passes": [],
      "failures": [],
      "pending": [],
      "skipped": [],
      "duration": 0,
      "root": true,
      "rootEmpty": true,
      "_timeout": 2000
    }
  ],
  "meta": {
    "mocha": {
      "version": "7.0.1"
    },
    "mochawesome": {
      "options": {
        "quiet": false,
        "reportFilename": "mochawesome",
        "saveHtml": false,
        "saveJson": true,
        "consoleReporter": "spec",
        "useInlineDiffs": false,
        "code": true
      },
      "version": "7.1.3"
    },
    "marge": {
      "options": {
        "reportDir": "results/mochawesome",
        "overwrite": false,
        "html": false,
        "json": true
      },
      "version": "6.2.0"
    }
  }
}