{
  "numTotalTestSuites": 12,
  "numPassedTestSuites": 12,
  "numFailedTestSuites": 0,
  "numPendingTestSuites": 0,
  "numTotalTests": 9,
  "numPassedTests": 9,
  "numFailedTests": 0,
  "numPendingTests": 0,
  "numTodoTests": 0,
  "startTime": 1692007026163,
  "success": true,
  "testResults": [
    {
      "assertionResults": [
        {
          "ancestorTitles": [
            "",
            "App.vue"
          ],
          "fullName": " App.vue renders a title",
          "status": "passed",
          "title": "renders a title",
          "duration": 21,
          "failureMessages": []
        },
        {
          "ancestorTitles": [
            "",
            "App.vue"
          ],
          "fullName": " App.vue renders the navbar",
          "status": "passed",
          "title": "renders the navbar",
          "duration": 48,
          "failureMessages": []
        },
        {
          "ancestorTitles": [
            "",
            "App.vue"
          ],
          "fullName": " App.vue renders the races list",
          "status": "passed",
          "title": "renders the races list",
          "duration": 7,
          "failureMessages": []
        }
      ],
      "startTime": 1692007028899,
      "endTime": 1692007028975,
      "status": "passed",
      "message": "",
      "name": "D:/Serega/Projects/PERSONAL/become-a-ninja-with-vue/src/__tests__/App.spec.ts"
    },
    {
      "assertionResults": [
        {
          "ancestorTitles": [
            "",
            "Navbar.vue"
          ],
          "fullName": " Navbar.vue should toggle the class on click",
          "status": "passed",
          "title": "should toggle the class on click",
          "duration": 39,
          "failureMessages": []
        }
      ],
      "startTime": 1692007028633,
      "endTime": 1692007028672,
      "status": "passed",
      "message": "",
      "name": "D:/Serega/Projects/PERSONAL/become-a-ninja-with-vue/src/components/__tests__/Navbar.spec.ts"
    },
    {
      "assertionResults": [
        {
          "ancestorTitles": [
            "",
            "Pony.vue"
          ],
          "fullName": " Pony.vue should display an image and a legend",
          "status": "passed",
          "title": "should display an image and a legend",
          "duration": 39,
          "failureMessages": []
        },
        {
          "ancestorTitles": [
            "",
            "Pony.vue"
          ],
          "fullName": " Pony.vue should emit an event on click",
          "status": "passed",
          "title": "should emit an event on click",
          "duration": 7,
          "failureMessages": []
        }
      ],
      "startTime": 1692007028637,
      "endTime": 1692007028683,
      "status": "passed",
      "message": "",
      "name": "D:/Serega/Projects/PERSONAL/become-a-ninja-with-vue/src/components/__tests__/Pony.spec.ts"
    },
    {
      "assertionResults": [
        {
          "ancestorTitles": [
            "",
            "Race.vue"
          ],
          "fullName": " Race.vue should display a race name and its ponies",
          "status": "passed",
          "title": "should display a race name and its ponies",
          "duration": 48,
          "failureMessages": []
        }
      ],
      "startTime": 1692007028891,
      "endTime": 1692007028939,
      "status": "passed",
      "message": "",
      "name": "D:/Serega/Projects/PERSONAL/become-a-ninja-with-vue/src/components/__tests__/Race.spec.ts"
    },
    {
      "assertionResults": [
        {
          "ancestorTitles": [
            "",
            "FromNow"
          ],
          "fullName": " FromNow should transform a date",
          "status": "passed",
          "title": "should transform a date",
          "duration": 4,
          "failureMessages": []
        }
      ],
      "startTime": 1692007028423,
      "endTime": 1692007028427,
      "status": "passed",
      "message": "",
      "name": "D:/Serega/Projects/PERSONAL/become-a-ninja-with-vue/src/utils/__tests__/FromNow.spec.ts"
    },
    {
      "assertionResults": [
        {
          "ancestorTitles": [
            "",
            "Races.vue"
          ],
          "fullName": " Races.vue should display every race name in a title",
          "status": "passed",
          "title": "should display every race name in a title",
          "duration": 44,
          "failureMessages": []
        }
      ],
      "startTime": 1692007028891,
      "endTime": 1692007028935,
      "status": "passed",
      "message": "",
      "name": "D:/Serega/Projects/PERSONAL/become-a-ninja-with-vue/src/views/__tests__/Races.spec.ts"
    }
  ]
}