{
  "numTotalTestSuites": 22,
  "numPassedTestSuites": 20,
  "numFailedTestSuites": 2,
  "numPendingTestSuites": 0,
  "numTotalTests": 20,
  "numPassedTests": 17,
  "numFailedTests": 3,
  "numPendingTests": 0,
  "numTodoTests": 0,
  "startTime": 1692078514081,
  "success": false,
  "testResults": [
    {
      "assertionResults": [
        {
          "ancestorTitles": [
            "",
            "App.vue"
          ],
          "fullName": " App.vue renders the navbar",
          "status": "failed",
          "title": "renders the navbar",
          "duration": 22,
          "failureMessages": [
            "spy.restore is not a function"
          ],
          "location": {
            "line": 46,
            "column": 21
          }
        },
        {
          "ancestorTitles": [
            "",
            "App.vue"
          ],
          "fullName": " App.vue renders the router view inside a Suspense component",
          "status": "failed",
          "title": "renders the router view inside a Suspense component",
          "duration": 2,
          "failureMessages": [
            "spy.restore is not a function"
          ],
          "location": {
            "line": 53,
            "column": 21
          }
        },
        {
          "ancestorTitles": [
            "",
            "App.vue"
          ],
          "fullName": " App.vue renders an error if router view does not load",
          "status": "failed",
          "title": "renders an error if router view does not load",
          "duration": 1,
          "failureMessages": [
            "spy.restore is not a function"
          ],
          "location": {
            "line": 67,
            "column": 21
          }
        }
      ],
      "startTime": 1692078516456,
      "endTime": 1692078516481,
      "status": "failed",
      "message": "",
      "name": "D:/Serega/Projects/PERSONAL/become-a-ninja-with-vue/src/__tests__/App.spec.ts"
    },
    {
      "assertionResults": [
        {
          "ancestorTitles": [
            "",
            "useRaceService"
          ],
          "fullName": " useRaceService should list races",
          "status": "passed",
          "title": "should list races",
          "duration": 5,
          "failureMessages": []
        }
      ],
      "startTime": 1692078516151,
      "endTime": 1692078516156,
      "status": "passed",
      "message": "",
      "name": "D:/Serega/Projects/PERSONAL/become-a-ninja-with-vue/src/composables/__tests__/RaceService.spec.ts"
    },
    {
      "assertionResults": [
        {
          "ancestorTitles": [
            "",
            "useUserService"
          ],
          "fullName": " useUserService should register a user",
          "status": "passed",
          "title": "should register a user",
          "duration": 7,
          "failureMessages": []
        },
        {
          "ancestorTitles": [
            "",
            "useUserService"
          ],
          "fullName": " useUserService should authenticate a user",
          "status": "passed",
          "title": "should authenticate a user",
          "duration": 1,
          "failureMessages": []
        }
      ],
      "startTime": 1692078517931,
      "endTime": 1692078517939,
      "status": "passed",
      "message": "",
      "name": "D:/Serega/Projects/PERSONAL/become-a-ninja-with-vue/src/composables/__tests__/UserService.spec.ts"
    },
    {
      "assertionResults": [
        {
          "ancestorTitles": [
            "",
            "Alert.vue"
          ],
          "fullName": " Alert.vue should display the alert content",
          "status": "passed",
          "title": "should display the alert content",
          "duration": 51,
          "failureMessages": []
        },
        {
          "ancestorTitles": [
            "",
            "Alert.vue"
          ],
          "fullName": " Alert.vue should have the correct CSS classes",
          "status": "passed",
          "title": "should have the correct CSS classes",
          "duration": 20,
          "failureMessages": []
        },
        {
          "ancestorTitles": [
            "",
            "Alert.vue"
          ],
          "fullName": " Alert.vue should be dismissible",
          "status": "passed",
          "title": "should be dismissible",
          "duration": 15,
          "failureMessages": []
        }
      ],
      "startTime": 1692078516271,
      "endTime": 1692078516357,
      "status": "passed",
      "message": "",
      "name": "D:/Serega/Projects/PERSONAL/become-a-ninja-with-vue/src/components/__tests__/Alert.spec.ts"
    },
    {
      "assertionResults": [
        {
          "ancestorTitles": [
            "",
            "Navbar.vue"
          ],
          "fullName": " Navbar.vue should toggle the class on click",
          "status": "passed",
          "title": "should toggle the class on click",
          "duration": 45,
          "failureMessages": []
        },
        {
          "ancestorTitles": [
            "",
            "Navbar.vue"
          ],
          "fullName": " Navbar.vue should display a link to the home page",
          "status": "passed",
          "title": "should display a link to the home page",
          "duration": 6,
          "failureMessages": []
        },
        {
          "ancestorTitles": [
            "",
            "Navbar.vue"
          ],
          "fullName": " Navbar.vue should display a link to the races page",
          "status": "passed",
          "title": "should display a link to the races page",
          "duration": 8,
          "failureMessages": []
        }
      ],
      "startTime": 1692078516199,
      "endTime": 1692078516258,
      "status": "passed",
      "message": "",
      "name": "D:/Serega/Projects/PERSONAL/become-a-ninja-with-vue/src/components/__tests__/Navbar.spec.ts"
    },
    {
      "assertionResults": [
        {
          "ancestorTitles": [
            "",
            "Pony.vue"
          ],
          "fullName": " Pony.vue should display an image and a legend",
          "status": "passed",
          "title": "should display an image and a legend",
          "duration": 35,
          "failureMessages": []
        },
        {
          "ancestorTitles": [
            "",
            "Pony.vue"
          ],
          "fullName": " Pony.vue should emit an event on click",
          "status": "passed",
          "title": "should emit an event on click",
          "duration": 5,
          "failureMessages": []
        }
      ],
      "startTime": 1692078516270,
      "endTime": 1692078516310,
      "status": "passed",
      "message": "",
      "name": "D:/Serega/Projects/PERSONAL/become-a-ninja-with-vue/src/components/__tests__/Pony.spec.ts"
    },
    {
      "assertionResults": [
        {
          "ancestorTitles": [
            "",
            "Race.vue"
          ],
          "fullName": " Race.vue should display a race name and its ponies",
          "status": "passed",
          "title": "should display a race name and its ponies",
          "duration": 44,
          "failureMessages": []
        }
      ],
      "startTime": 1692078518407,
      "endTime": 1692078518451,
      "status": "passed",
      "message": "",
      "name": "D:/Serega/Projects/PERSONAL/become-a-ninja-with-vue/src/components/__tests__/Race.spec.ts"
    },
    {
      "assertionResults": [
        {
          "ancestorTitles": [
            "",
            "FromNow"
          ],
          "fullName": " FromNow should transform a date",
          "status": "passed",
          "title": "should transform a date",
          "duration": 4,
          "failureMessages": []
        }
      ],
      "startTime": 1692078516405,
      "endTime": 1692078516409,
      "status": "passed",
      "message": "",
      "name": "D:/Serega/Projects/PERSONAL/become-a-ninja-with-vue/src/utils/__tests__/FromNow.spec.ts"
    },
    {
      "assertionResults": [
        {
          "ancestorTitles": [
            "",
            "Home.vue"
          ],
          "fullName": " Home.vue should display every race name in a title",
          "status": "passed",
          "title": "should display every race name in a title",
          "duration": 40,
          "failureMessages": []
        },
        {
          "ancestorTitles": [
            "",
            "Home.vue"
          ],
          "fullName": " Home.vue display a link to go the login",
          "status": "passed",
          "title": "display a link to go the login",
          "duration": 8,
          "failureMessages": []
        },
        {
          "ancestorTitles": [
            "",
            "Home.vue"
          ],
          "fullName": " Home.vue display a link to go the register page",
          "status": "passed",
          "title": "display a link to go the register page",
          "duration": 5,
          "failureMessages": []
        }
      ],
      "startTime": 1692078518147,
      "endTime": 1692078518201,
      "status": "passed",
      "message": "",
      "name": "D:/Serega/Projects/PERSONAL/become-a-ninja-with-vue/src/views/__tests__/Home.spec.ts"
    },
    {
      "assertionResults": [],
      "startTime": 1692078514081,
      "endTime": 1692078514081,
      "status": "passed",
      "message": "spy.restore is not a function",
      "name": "D:/Serega/Projects/PERSONAL/become-a-ninja-with-vue/src/views/__tests__/Login.spec.ts"
    },
    {
      "assertionResults": [
        {
          "ancestorTitles": [
            "",
            "Races.vue"
          ],
          "fullName": " Races.vue should display every race name in a title",
          "status": "passed",
          "title": "should display every race name in a title",
          "duration": 39,
          "failureMessages": []
        }
      ],
      "startTime": 1692078518411,
      "endTime": 1692078518450,
      "status": "passed",
      "message": "",
      "name": "D:/Serega/Projects/PERSONAL/become-a-ninja-with-vue/src/views/__tests__/Races.spec.ts"
    },
    {
      "assertionResults": [],
      "startTime": 1692078514081,
      "endTime": 1692078514081,
      "status": "passed",
      "message": "spy.restore is not a function",
      "name": "D:/Serega/Projects/PERSONAL/become-a-ninja-with-vue/src/views/__tests__/Register.spec.ts"
    }
  ]
}